\BOOKMARK [1][-]{section*.2}{\376\377\000L\000i\000s\000t\000\040\000o\000f\000\040\000F\000i\000g\000u\000r\000e\000s}{}% 1
\BOOKMARK [1][-]{section*.3}{\376\377\000L\000i\000s\000t\000\040\000o\000f\000\040\000T\000a\000b\000l\000e\000s}{}% 2
\BOOKMARK [1][-]{section.1}{\376\377\000I\000n\000t\000r\000o\000d\000u\000c\000t\000i\000o\000n}{}% 3
\BOOKMARK [2][-]{subsection.1.1}{\376\377\000S\000t\000r\000u\000c\000t\000u\000r\000e}{section.1}% 4
\BOOKMARK [1][-]{section.2}{\376\377\000T\000h\000e\000o\000r\000e\000t\000i\000c\000a\000l\000\040\000B\000a\000c\000k\000g\000r\000o\000u\000n\000d}{}% 5
\BOOKMARK [2][-]{subsection.2.1}{\376\377\000N\000o\000r\000m\000a\000l\000\040\000M\000e\000t\000a\000l\000s}{section.2}% 6
\BOOKMARK [2][-]{subsection.2.2}{\376\377\000S\000p\000i\000n\000\040\000O\000r\000b\000i\000t\000\040\000C\000o\000u\000p\000l\000i\000n\000g}{section.2}% 7
\BOOKMARK [3][-]{subsubsection.2.2.1}{\376\377\000R\000a\000s\000h\000b\000a\000\040\000t\000y\000p\000e}{subsection.2.2}% 8
\BOOKMARK [2][-]{subsection.2.3}{\376\377\000S\000u\000p\000e\000r\000c\000o\000n\000d\000u\000c\000t\000o\000r\000s}{section.2}% 9
\BOOKMARK [3][-]{subsubsection.2.3.1}{\376\377\000B\000C\000S\000\040\000T\000h\000e\000o\000r\000y}{subsection.2.3}% 10
\BOOKMARK [2][-]{subsection.2.4}{\376\377\000R\000K\000K\000Y\000\040\000i\000n\000t\000e\000r\000a\000c\000t\000i\000o\000n}{section.2}% 11
\BOOKMARK [1][-]{section.3}{\376\377\000M\000e\000t\000h\000o\000d\000s}{}% 12
\BOOKMARK [2][-]{subsection.3.1}{\376\377\000B\000o\000g\000o\000l\000i\000u\000b\000o\000v\000-\000d\000e\000\040\000G\000e\000n\000n\000e\000s\000\040\000t\000r\000a\000n\000s\000f\000o\000r\000m\000a\000t\000i\000o\000n}{section.3}% 13
\BOOKMARK [2][-]{subsection.3.2}{\376\377\000S\000c\000h\000r\000i\000e\000f\000f\000e\000r\000-\000W\000o\000l\000f\000f\000\040\000t\000r\000a\000n\000s\000f\000o\000r\000m\000a\000t\000i\000o\000n}{section.3}% 14
\BOOKMARK [2][-]{subsection.3.3}{\376\377\000N\000u\000m\000e\000r\000i\000c\000a\000l\000\040\000A\000p\000p\000r\000o\000a\000c\000h}{section.3}% 15
\BOOKMARK [3][-]{subsubsection.3.3.1}{\376\377\000S\000e\000l\000f\000-\000c\000o\000n\000s\000i\000s\000t\000e\000n\000c\000y\000\040\000e\000q\000u\000a\000t\000i\000o\000n}{subsection.3.3}% 16
\BOOKMARK [3][-]{subsubsection.3.3.2}{\376\377\000L\000o\000c\000a\000l\000\040\000D\000e\000n\000s\000i\000t\000y\000\040\000o\000f\000\040\000S\000t\000a\000t\000e\000s}{subsection.3.3}% 17
\BOOKMARK [3][-]{subsubsection.3.3.3}{\376\377\000O\000r\000i\000e\000n\000t\000a\000t\000i\000o\000n\000\040\000o\000f\000\040\000I\000m\000p\000u\000r\000i\000t\000y\000\040\000S\000p\000i\000n\000s}{subsection.3.3}% 18
\BOOKMARK [1][-]{section.4}{\376\377\000N\000o\000r\000m\000a\000l\000\040\000M\000e\000t\000a\000l\000\040\000w\000i\000t\000h\000\040\000R\000K\000K\000Y\000\040\000i\000n\000t\000e\000r\000a\000c\000t\000i\000o\000n}{}% 19
\BOOKMARK [1][-]{section.5}{\376\377\000N\000o\000r\000m\000a\000l\000\040\000M\000e\000t\000a\000l\000\040\000w\000i\000t\000h\000\040\000S\000O\000C\000\040\000a\000n\000d\000\040\000R\000K\000K\000Y}{}% 20
\BOOKMARK [1][-]{section.6}{\376\377\000S\000u\000p\000e\000r\000c\000o\000n\000d\000u\000c\000t\000o\000r\000\040\000w\000i\000t\000h\000\040\000R\000K\000K\000Y}{}% 21
\BOOKMARK [1][-]{section.7}{\376\377\000S\000u\000p\000e\000r\000c\000o\000n\000d\000u\000c\000t\000o\000r\000\040\000w\000i\000t\000h\000\040\000S\000O\000C\000\040\000a\000n\000d\000\040\000R\000K\000K\000Y}{}% 22
\BOOKMARK [2][-]{subsection.7.1}{\376\377\000S\000i\000n\000g\000l\000e\000t\000\040\000a\000n\000d\000\040\000T\000r\000i\000p\000l\000e\000t\000\040\000P\000a\000i\000r\000i\000n\000g\000\040\000I\000n\000t\000e\000r\000a\000c\000t\000i\000o\000n}{section.7}% 23
\BOOKMARK [2][-]{subsection.7.2}{\376\377\000D\000i\000a\000g\000o\000n\000a\000l\000i\000z\000a\000t\000i\000o\000n}{section.7}% 24
\BOOKMARK [2][-]{subsection.7.3}{\376\377\000F\000r\000e\000e\000\040\000E\000n\000e\000r\000g\000y\000\040\000a\000n\000d\000\040\000G\000a\000p\000\040\000E\000q\000u\000a\000t\000i\000o\000n}{section.7}% 25
\BOOKMARK [3][-]{subsubsection.7.3.1}{\376\377\000A\000n\000d\000r\000e\000e\000v\000\040\000R\000e\000f\000l\000e\000c\000t\000i\000o\000n}{subsection.7.3}% 26
\BOOKMARK [2][-]{subsection.7.4}{\376\377\000R\000K\000K\000Y\000\040\000a\000s\000\040\000P\000e\000r\000t\000u\000r\000b\000a\000t\000i\000o\000n}{section.7}% 27
\BOOKMARK [1][-]{section.8}{\376\377\000E\000f\000f\000e\000c\000t\000i\000v\000e\000\040\000I\000n\000t\000e\000r\000a\000c\000t\000i\000o\000n}{}% 28
\BOOKMARK [2][-]{subsection.8.1}{\376\377\000B\000o\000u\000n\000d\000\040\000s\000t\000a\000t\000e\000s}{section.8}% 29
\BOOKMARK [2][-]{subsection.8.2}{\376\377\000S\000p\000i\000n\000\040\000S\000t\000r\000u\000c\000t\000u\000r\000e}{section.8}% 30
\BOOKMARK [3][-]{subsubsection.8.2.1}{\376\377\000F\000r\000e\000e\000\040\000e\000n\000e\000r\000g\000i\000e\000s\000\040\000f\000r\000o\000m\000\040\000t\000h\000e\000\040\000a\000n\000a\000l\000y\000t\000i\000c\000a\000l\000\040\000a\000p\000p\000r\000o\000a\000c\000h}{subsection.8.2}% 31
\BOOKMARK [1][-]{section.9}{\376\377\000D\000i\000s\000c\000u\000s\000s\000i\000o\000n}{}% 32
\BOOKMARK [1][-]{appendix.A}{\376\377\000B\000a\000s\000i\000s\000\040\000T\000r\000a\000n\000s\000f\000o\000r\000m\000a\000t\000i\000o\000n\000\040\000C\000o\000e\000f\000f\000i\000c\000i\000e\000n\000t}{}% 33
\BOOKMARK [1][-]{appendix.B}{\376\377\000C\000o\000m\000m\000u\000t\000a\000t\000o\000r\000s}{}% 34
\BOOKMARK [2][-]{subsection.B.1}{\376\377\000[\000S\000,\000H\0000\000]}{appendix.B}% 35
\BOOKMARK [2][-]{subsection.B.2}{\376\377\000[\000S\000,\000H\000R\000K\000K\000Y\000]}{appendix.B}% 36
\BOOKMARK [1][-]{appendix.C}{\376\377\000E\000x\000p\000e\000c\000t\000a\000t\000i\000o\000n\000v\000a\000l\000u\000e\000\040\000o\000f\000\040\000H\000e\000f\000f}{}% 37
\BOOKMARK [2][-]{subsection.C.1}{\376\377\000s\000p\000i\000n\000\040\000s\000t\000r\000u\000c\000t\000u\000r\000e}{appendix.C}% 38
